This file contains any messages produced by compilers while
running configure, to aid debugging if configure makes a mistake.

It was created by sqlite configure 3.17.0, which was
generated by GNU Autoconf 2.69.  Invocation command line was

  $ ./configure --prefix=/usr/local/sqlite3 --disable-static --enable-fts5 --enable-json1 CFLAGS=-g -O2 -DSQLITE_ENABLE_FTS3=1 -DSQLITE_ENABLE_FTS4=1 -DSQLITE_ENABLE_RTREE=1

## --------- ##
## Platform. ##
## --------- ##

hostname = localhost.localdomain
uname -m = x86_64
uname -r = 4.9.0-kali3-amd64
uname -s = Linux
uname -v = #1 SMP Debian 4.9.18-1kali1 (2017-04-04)

/usr/bin/uname -p = unknown
/bin/uname -X     = unknown

/bin/arch              = unknown
/usr/bin/arch -k       = unknown
/usr/convex/getsysinfo = unknown
/usr/bin/hostinfo      = unknown
/bin/machine           = unknown
/usr/bin/oslevel       = unknown
/bin/universe          = unknown

PATH: /home/ken/work/virgin/env/bin
PATH: /usr/local/sbin
PATH: /usr/sbin
PATH: /sbin
PATH: /usr/local/bin
PATH: /usr/bin
PATH: /bin
PATH: /usr/local/games
PATH: /usr/games


## ----------- ##
## Core tests. ##
## ----------- ##

configure:2331: checking for a BSD-compatible install
configure:2399: result: /usr/bin/install -c
configure:2410: checking whether build environment is sane
configure:2465: result: yes
configure:2614: checking for a thread-safe mkdir -p
configure:2653: result: /bin/mkdir -p
configure:2660: checking for gawk
configure:2676: found /usr/bin/gawk
configure:2687: result: gawk
configure:2698: checking whether make sets $(MAKE)
configure:2720: result: yes
configure:2749: checking whether make supports nested variables
configure:2766: result: yes
configure:2905: checking for style of include used by make
configure:2933: result: GNU
configure:3004: checking for gcc
configure:3020: found /usr/bin/gcc
configure:3031: result: gcc
configure:3260: checking for C compiler version
configure:3269: gcc --version >&5
gcc (Debian 6.3.0-12) 6.3.0 20170406
Copyright (C) 2016 Free Software Foundation, Inc.
This is free software; see the source for copying conditions.  There is NO
warranty; not even for MERCHANTABILITY or FITNESS FOR A PARTICULAR PURPOSE.

configure:3280: $? = 0
configure:3269: gcc -v >&5
Using built-in specs.
COLLECT_GCC=gcc
COLLECT_LTO_WRAPPER=/usr/lib/gcc/x86_64-linux-gnu/6/lto-wrapper
Target: x86_64-linux-gnu
Configured with: ../src/configure -v --with-pkgversion='Debian 6.3.0-12' --with-bugurl=file:///usr/share/doc/gcc-6/README.Bugs --enable-languages=c,ada,c++,java,go,d,fortran,objc,obj-c++ --prefix=/usr --program-suffix=-6 --program-prefix=x86_64-linux-gnu- --enable-shared --enable-linker-build-id --libexecdir=/usr/lib --without-included-gettext --enable-threads=posix --libdir=/usr/lib --enable-nls --with-sysroot=/ --enable-clocale=gnu --enable-libstdcxx-debug --enable-libstdcxx-time=yes --with-default-libstdcxx-abi=new --enable-gnu-unique-object --disable-vtable-verify --enable-libmpx --enable-plugin --enable-default-pie --with-system-zlib --disable-browser-plugin --enable-java-awt=gtk --enable-gtk-cairo --with-java-home=/usr/lib/jvm/java-1.5.0-gcj-6-amd64/jre --enable-java-home --with-jvm-root-dir=/usr/lib/jvm/java-1.5.0-gcj-6-amd64 --with-jvm-jar-dir=/usr/lib/jvm-exports/java-1.5.0-gcj-6-amd64 --with-arch-directory=amd64 --with-ecj-jar=/usr/share/java/eclipse-ecj.jar --with-target-system-zlib --enable-objc-gc=auto --enable-multiarch --with-arch-32=i686 --with-abi=m64 --with-multilib-list=m32,m64,mx32 --enable-multilib --with-tune=generic --enable-checking=release --build=x86_64-linux-gnu --host=x86_64-linux-gnu --target=x86_64-linux-gnu
Thread model: posix
gcc version 6.3.0 20170406 (Debian 6.3.0-12) 
configure:3280: $? = 0
configure:3269: gcc -V >&5
gcc: error: unrecognized command line option '-V'
gcc: fatal error: no input files
compilation terminated.
configure:3280: $? = 1
configure:3269: gcc -qversion >&5
gcc: error: unrecognized command line option '-qversion'; did you mean '--version'?
gcc: fatal error: no input files
compilation terminated.
configure:3280: $? = 1
configure:3300: checking whether the C compiler works
configure:3322: gcc -g -O2 -DSQLITE_ENABLE_FTS3=1 -DSQLITE_ENABLE_FTS4=1 -DSQLITE_ENABLE_RTREE=1   conftest.c  >&5
configure:3326: $? = 0
configure:3374: result: yes
configure:3377: checking for C compiler default output file name
configure:3379: result: a.out
configure:3385: checking for suffix of executables
configure:3392: gcc -o conftest -g -O2 -DSQLITE_ENABLE_FTS3=1 -DSQLITE_ENABLE_FTS4=1 -DSQLITE_ENABLE_RTREE=1   conftest.c  >&5
configure:3396: $? = 0
configure:3418: result: 
configure:3440: checking whether we are cross compiling
configure:3448: gcc -o conftest -g -O2 -DSQLITE_ENABLE_FTS3=1 -DSQLITE_ENABLE_FTS4=1 -DSQLITE_ENABLE_RTREE=1   conftest.c  >&5
configure:3452: $? = 0
configure:3459: ./conftest
configure:3463: $? = 0
configure:3451: result: no
configure:3456: checking for suffix of object files
configure:3478: gcc -c -g -O2 -DSQLITE_ENABLE_FTS3=1 -DSQLITE_ENABLE_FTS4=1 -DSQLITE_ENABLE_RTREE=1  conftest.c >&5
configure:3482: $? = 0
configure:3503: result: o
configure:3507: checking whether we are using the GNU C compiler
configure:3526: gcc -c -g -O2 -DSQLITE_ENABLE_FTS3=1 -DSQLITE_ENABLE_FTS4=1 -DSQLITE_ENABLE_RTREE=1  conftest.c >&5
configure:3526: $? = 0
configure:3535: result: yes
configure:3544: checking whether gcc accepts -g
configure:3564: gcc -c -g  conftest.c >&5
configure:3564: $? = 0
configure:3605: result: yes
configure:3622: checking for gcc option to accept ISO C89
configure:3685: gcc  -c -g -O2 -DSQLITE_ENABLE_FTS3=1 -DSQLITE_ENABLE_FTS4=1 -DSQLITE_ENABLE_RTREE=1  conftest.c >&5
configure:3685: $? = 0
configure:3698: result: none needed
configure:3723: checking whether gcc understands -c and -o together
configure:3745: gcc -c conftest.c -o conftest2.o
configure:3748: $? = 0
configure:3745: gcc -c conftest.c -o conftest2.o
configure:3748: $? = 0
configure:3760: result: yes
configure:3779: checking dependency style of gcc
configure:3890: result: gcc3
configure:3913: checking for special C compiler options needed for large files
configure:3958: result: no
configure:3964: checking for _FILE_OFFSET_BITS value needed for large files
configure:3989: gcc -c -g -O2 -DSQLITE_ENABLE_FTS3=1 -DSQLITE_ENABLE_FTS4=1 -DSQLITE_ENABLE_RTREE=1  conftest.c >&5
configure:3989: $? = 0
configure:4021: result: no
configure:4156: checking for gcc
configure:4183: result: gcc
configure:4412: checking for C compiler version
configure:4421: gcc --version >&5
gcc (Debian 6.3.0-12) 6.3.0 20170406
Copyright (C) 2016 Free Software Foundation, Inc.
This is free software; see the source for copying conditions.  There is NO
warranty; not even for MERCHANTABILITY or FITNESS FOR A PARTICULAR PURPOSE.

configure:4432: $? = 0
configure:4421: gcc -v >&5
Using built-in specs.
COLLECT_GCC=gcc
COLLECT_LTO_WRAPPER=/usr/lib/gcc/x86_64-linux-gnu/6/lto-wrapper
Target: x86_64-linux-gnu
Configured with: ../src/configure -v --with-pkgversion='Debian 6.3.0-12' --with-bugurl=file:///usr/share/doc/gcc-6/README.Bugs --enable-languages=c,ada,c++,java,go,d,fortran,objc,obj-c++ --prefix=/usr --program-suffix=-6 --program-prefix=x86_64-linux-gnu- --enable-shared --enable-linker-build-id --libexecdir=/usr/lib --without-included-gettext --enable-threads=posix --libdir=/usr/lib --enable-nls --with-sysroot=/ --enable-clocale=gnu --enable-libstdcxx-debug --enable-libstdcxx-time=yes --with-default-libstdcxx-abi=new --enable-gnu-unique-object --disable-vtable-verify --enable-libmpx --enable-plugin --enable-default-pie --with-system-zlib --disable-browser-plugin --enable-java-awt=gtk --enable-gtk-cairo --with-java-home=/usr/lib/jvm/java-1.5.0-gcj-6-amd64/jre --enable-java-home --with-jvm-root-dir=/usr/lib/jvm/java-1.5.0-gcj-6-amd64 --with-jvm-jar-dir=/usr/lib/jvm-exports/java-1.5.0-gcj-6-amd64 --with-arch-directory=amd64 --with-ecj-jar=/usr/share/java/eclipse-ecj.jar --with-target-system-zlib --enable-objc-gc=auto --enable-multiarch --with-arch-32=i686 --with-abi=m64 --with-multilib-list=m32,m64,mx32 --enable-multilib --with-tune=generic --enable-checking=release --build=x86_64-linux-gnu --host=x86_64-linux-gnu --target=x86_64-linux-gnu
Thread model: posix
gcc version 6.3.0 20170406 (Debian 6.3.0-12) 
configure:4432: $? = 0
configure:4421: gcc -V >&5
gcc: error: unrecognized command line option '-V'
gcc: fatal error: no input files
compilation terminated.
configure:4432: $? = 1
configure:4421: gcc -qversion >&5
gcc: error: unrecognized command line option '-qversion'; did you mean '--version'?
gcc: fatal error: no input files
compilation terminated.
configure:4432: $? = 1
configure:4436: checking whether we are using the GNU C compiler
configure:4464: result: yes
configure:4473: checking whether gcc accepts -g
configure:4534: result: yes
configure:4551: checking for gcc option to accept ISO C89
configure:4627: result: none needed
configure:4652: checking whether gcc understands -c and -o together
configure:4689: result: yes
configure:4708: checking dependency style of gcc
configure:4819: result: gcc3
configure:4863: checking build system type
configure:4877: result: x86_64-unknown-linux-gnu
configure:4897: checking host system type
configure:4910: result: x86_64-unknown-linux-gnu
configure:4951: checking how to print strings
configure:4978: result: printf
configure:4999: checking for a sed that does not truncate output
configure:5063: result: /bin/sed
configure:5081: checking for grep that handles long lines and -e
configure:5139: result: /bin/grep
configure:5144: checking for egrep
configure:5206: result: /bin/grep -E
configure:5211: checking for fgrep
configure:5273: result: /bin/grep -F
configure:5308: checking for ld used by gcc
configure:5375: result: /usr/bin/ld
configure:5382: checking if the linker (/usr/bin/ld) is GNU ld
configure:5397: result: yes
configure:5409: checking for BSD- or MS-compatible name lister (nm)
configure:5463: result: /usr/bin/nm -B
configure:5593: checking the name lister (/usr/bin/nm -B) interface
configure:5600: gcc -c -g -O2 -DSQLITE_ENABLE_FTS3=1 -DSQLITE_ENABLE_FTS4=1 -DSQLITE_ENABLE_RTREE=1  conftest.c >&5
configure:5603: /usr/bin/nm -B "conftest.o"
configure:5606: output
0000000000000000 B some_variable
configure:5607: result: BSD nm
configure:5610: checking whether ln -s works
configure:5614: result: yes
configure:5622: checking the maximum length of command line arguments
configure:5753: result: 1572864
configure:5801: checking how to convert x86_64-unknown-linux-gnu file names to x86_64-unknown-linux-gnu format
configure:5841: result: func_convert_file_noop
configure:5848: checking how to convert x86_64-unknown-linux-gnu file names to toolchain format
configure:5868: result: func_convert_file_noop
configure:5875: checking for /usr/bin/ld option to reload object files
configure:5882: result: -r
configure:5956: checking for objdump
configure:5972: found /usr/bin/objdump
configure:5983: result: objdump
configure:6015: checking how to recognize dependent libraries
configure:6215: result: pass_all
configure:6300: checking for dlltool
configure:6330: result: no
configure:6360: checking how to associate runtime and link libraries
configure:6387: result: printf %s\n
configure:6447: checking for ar
configure:6463: found /usr/bin/ar
configure:6474: result: ar
configure:6511: checking for archiver @FILE support
configure:6528: gcc -c -g -O2 -DSQLITE_ENABLE_FTS3=1 -DSQLITE_ENABLE_FTS4=1 -DSQLITE_ENABLE_RTREE=1  conftest.c >&5
configure:6528: $? = 0
configure:6531: ar cru libconftest.a @conftest.lst >&5
ar: `u' modifier ignored since `D' is the default (see `U')
configure:6534: $? = 0
configure:6539: ar cru libconftest.a @conftest.lst >&5
ar: `u' modifier ignored since `D' is the default (see `U')
ar: conftest.o: No such file or directory
configure:6542: $? = 1
configure:6541: result: @
configure:6599: checking for strip
configure:6615: found /usr/bin/strip
configure:6626: result: strip
configure:6698: checking for ranlib
configure:6714: found /usr/bin/ranlib
configure:6725: result: ranlib
configure:6827: checking command to parse /usr/bin/nm -B output from gcc object
configure:6980: gcc -c -g -O2 -DSQLITE_ENABLE_FTS3=1 -DSQLITE_ENABLE_FTS4=1 -DSQLITE_ENABLE_RTREE=1  conftest.c >&5
configure:6983: $? = 0
configure:6987: /usr/bin/nm -B conftest.o \| sed -n -e 's/^.*[ ]\([ABCDGIRSTW][ABCDGIRSTW]*\)[ ][ ]*\([_A-Za-z][_A-Za-z0-9]*\)$/\1 \2 \2/p' | sed '/ __gnu_lto/d' \> conftest.nm
configure:6990: $? = 0
configure:7056: gcc -o conftest -g -O2 -DSQLITE_ENABLE_FTS3=1 -DSQLITE_ENABLE_FTS4=1 -DSQLITE_ENABLE_RTREE=1   conftest.c conftstm.o >&5
configure:7059: $? = 0
configure:7097: result: ok
configure:7144: checking for sysroot
configure:7174: result: no
configure:7181: checking for a working dd
configure:7219: result: /bin/dd
configure:7223: checking how to truncate binary pipes
configure:7238: result: /bin/dd bs=4096 count=1
configure:7374: gcc -c -g -O2 -DSQLITE_ENABLE_FTS3=1 -DSQLITE_ENABLE_FTS4=1 -DSQLITE_ENABLE_RTREE=1  conftest.c >&5
configure:7377: $? = 0
configure:7567: checking for mt
configure:7583: found /bin/mt
configure:7594: result: mt
configure:7617: checking if mt is a manifest tool
configure:7623: mt '-?'
configure:7631: result: no
configure:8308: checking how to run the C preprocessor
configure:8339: gcc -E  conftest.c
configure:8339: $? = 0
configure:8353: gcc -E  conftest.c
conftest.c:11:28: fatal error: ac_nonexistent.h: No such file or directory
 #include <ac_nonexistent.h>
                            ^
compilation terminated.
configure:8353: $? = 1
configure: failed program was:
| /* confdefs.h */
| #define PACKAGE_NAME "sqlite"
| #define PACKAGE_TARNAME "sqlite"
| #define PACKAGE_VERSION "3.17.0"
| #define PACKAGE_STRING "sqlite 3.17.0"
| #define PACKAGE_BUGREPORT "http://www.sqlite.org"
| #define PACKAGE_URL ""
| #define PACKAGE "sqlite"
| #define VERSION "3.17.0"
| /* end confdefs.h.  */
| #include <ac_nonexistent.h>
configure:8378: result: gcc -E
configure:8398: gcc -E  conftest.c
configure:8398: $? = 0
configure:8412: gcc -E  conftest.c
conftest.c:11:28: fatal error: ac_nonexistent.h: No such file or directory
 #include <ac_nonexistent.h>
                            ^
compilation terminated.
configure:8412: $? = 1
configure: failed program was:
| /* confdefs.h */
| #define PACKAGE_NAME "sqlite"
| #define PACKAGE_TARNAME "sqlite"
| #define PACKAGE_VERSION "3.17.0"
| #define PACKAGE_STRING "sqlite 3.17.0"
| #define PACKAGE_BUGREPORT "http://www.sqlite.org"
| #define PACKAGE_URL ""
| #define PACKAGE "sqlite"
| #define VERSION "3.17.0"
| /* end confdefs.h.  */
| #include <ac_nonexistent.h>
configure:8441: checking for ANSI C header files
configure:8461: gcc -c -g -O2 -DSQLITE_ENABLE_FTS3=1 -DSQLITE_ENABLE_FTS4=1 -DSQLITE_ENABLE_RTREE=1  conftest.c >&5
configure:8461: $? = 0
configure:8534: gcc -o conftest -g -O2 -DSQLITE_ENABLE_FTS3=1 -DSQLITE_ENABLE_FTS4=1 -DSQLITE_ENABLE_RTREE=1   conftest.c  >&5
configure:8534: $? = 0
configure:8534: ./conftest
configure:8534: $? = 0
configure:8545: result: yes
configure:8558: checking for sys/types.h
configure:8558: gcc -c -g -O2 -DSQLITE_ENABLE_FTS3=1 -DSQLITE_ENABLE_FTS4=1 -DSQLITE_ENABLE_RTREE=1  conftest.c >&5
configure:8558: $? = 0
configure:8558: result: yes
configure:8558: checking for sys/stat.h
configure:8558: gcc -c -g -O2 -DSQLITE_ENABLE_FTS3=1 -DSQLITE_ENABLE_FTS4=1 -DSQLITE_ENABLE_RTREE=1  conftest.c >&5
configure:8558: $? = 0
configure:8558: result: yes
configure:8558: checking for stdlib.h
configure:8558: gcc -c -g -O2 -DSQLITE_ENABLE_FTS3=1 -DSQLITE_ENABLE_FTS4=1 -DSQLITE_ENABLE_RTREE=1  conftest.c >&5
configure:8558: $? = 0
configure:8558: result: yes
configure:8558: checking for string.h
configure:8558: gcc -c -g -O2 -DSQLITE_ENABLE_FTS3=1 -DSQLITE_ENABLE_FTS4=1 -DSQLITE_ENABLE_RTREE=1  conftest.c >&5
configure:8558: $? = 0
configure:8558: result: yes
configure:8558: checking for memory.h
configure:8558: gcc -c -g -O2 -DSQLITE_ENABLE_FTS3=1 -DSQLITE_ENABLE_FTS4=1 -DSQLITE_ENABLE_RTREE=1  conftest.c >&5
configure:8558: $? = 0
configure:8558: result: yes
configure:8558: checking for strings.h
configure:8558: gcc -c -g -O2 -DSQLITE_ENABLE_FTS3=1 -DSQLITE_ENABLE_FTS4=1 -DSQLITE_ENABLE_RTREE=1  conftest.c >&5
configure:8558: $? = 0
configure:8558: result: yes
configure:8558: checking for inttypes.h
configure:8558: gcc -c -g -O2 -DSQLITE_ENABLE_FTS3=1 -DSQLITE_ENABLE_FTS4=1 -DSQLITE_ENABLE_RTREE=1  conftest.c >&5
configure:8558: $? = 0
configure:8558: result: yes
configure:8558: checking for stdint.h
configure:8558: gcc -c -g -O2 -DSQLITE_ENABLE_FTS3=1 -DSQLITE_ENABLE_FTS4=1 -DSQLITE_ENABLE_RTREE=1  conftest.c >&5
configure:8558: $? = 0
configure:8558: result: yes
configure:8558: checking for unistd.h
configure:8558: gcc -c -g -O2 -DSQLITE_ENABLE_FTS3=1 -DSQLITE_ENABLE_FTS4=1 -DSQLITE_ENABLE_RTREE=1  conftest.c >&5
configure:8558: $? = 0
configure:8558: result: yes
configure:8572: checking for dlfcn.h
configure:8572: gcc -c -g -O2 -DSQLITE_ENABLE_FTS3=1 -DSQLITE_ENABLE_FTS4=1 -DSQLITE_ENABLE_RTREE=1  conftest.c >&5
configure:8572: $? = 0
configure:8572: result: yes
configure:8828: checking for objdir
configure:8843: result: .libs
configure:9103: checking if gcc supports -fno-rtti -fno-exceptions
configure:9121: gcc -c -g -O2 -DSQLITE_ENABLE_FTS3=1 -DSQLITE_ENABLE_FTS4=1 -DSQLITE_ENABLE_RTREE=1  -fno-rtti -fno-exceptions conftest.c >&5
cc1: warning: command line option '-fno-rtti' is valid for C++/ObjC++ but not for C
configure:9125: $? = 0
configure:9138: result: no
configure:9496: checking for gcc option to produce PIC
configure:9503: result: -fPIC -DPIC
configure:9511: checking if gcc PIC flag -fPIC -DPIC works
configure:9529: gcc -c -g -O2 -DSQLITE_ENABLE_FTS3=1 -DSQLITE_ENABLE_FTS4=1 -DSQLITE_ENABLE_RTREE=1  -fPIC -DPIC -DPIC conftest.c >&5
configure:9533: $? = 0
configure:9546: result: yes
configure:9575: checking if gcc static flag -static works
configure:9603: result: yes
configure:9618: checking if gcc supports -c -o file.o
configure:9639: gcc -c -g -O2 -DSQLITE_ENABLE_FTS3=1 -DSQLITE_ENABLE_FTS4=1 -DSQLITE_ENABLE_RTREE=1  -o out/conftest2.o conftest.c >&5
configure:9643: $? = 0
configure:9665: result: yes
configure:9673: checking if gcc supports -c -o file.o
configure:9720: result: yes
configure:9753: checking whether the gcc linker (/usr/bin/ld -m elf_x86_64) supports shared libraries
configure:11012: result: yes
configure:11049: checking whether -lc should be explicitly linked in
configure:11057: gcc -c -g -O2 -DSQLITE_ENABLE_FTS3=1 -DSQLITE_ENABLE_FTS4=1 -DSQLITE_ENABLE_RTREE=1  conftest.c >&5
configure:11060: $? = 0
configure:11075: gcc -shared  -fPIC -DPIC conftest.o  -v -Wl,-soname -Wl,conftest -o conftest 2\>\&1 \| /bin/grep  -lc  \>/dev/null 2\>\&1
configure:11078: $? = 0
configure:11092: result: no
configure:11252: checking dynamic linker characteristics
configure:11833: gcc -o conftest -g -O2 -DSQLITE_ENABLE_FTS3=1 -DSQLITE_ENABLE_FTS4=1 -DSQLITE_ENABLE_RTREE=1   -Wl,-rpath -Wl,/foo conftest.c  >&5
configure:11833: $? = 0
configure:12070: result: GNU/Linux ld.so
configure:12192: checking how to hardcode library paths into programs
configure:12217: result: immediate
configure:12765: checking whether stripping libraries is possible
configure:12770: result: yes
configure:12805: checking if libtool supports shared libraries
configure:12807: result: yes
configure:12810: checking whether to build shared libraries
configure:12835: result: yes
configure:12838: checking whether to build static libraries
configure:12842: result: no
configure:9677: checking for fdatasync
configure:9677: gcc -o conftest -g -O2 -DSQLITE_ENABLE_FTS3=1 -DSQLITE_ENABLE_FTS4=1 -DSQLITE_ENABLE_RTREE=1   conftest.c  >&5
configure:9677: $? = 0
configure:9677: result: yes
configure:9677: checking for usleep
configure:9677: gcc -o conftest -g -O2 -DSQLITE_ENABLE_FTS3=1 -DSQLITE_ENABLE_FTS4=1 -DSQLITE_ENABLE_RTREE=1   conftest.c  >&5
configure:9677: $? = 0
configure:9677: result: yes
configure:9677: checking for fullfsync
configure:9677: gcc -o conftest -g -O2 -DSQLITE_ENABLE_FTS3=1 -DSQLITE_ENABLE_FTS4=1 -DSQLITE_ENABLE_RTREE=1   conftest.c  >&5
/tmp/ccgNJZLL.o: In function `main':
/home/ken/work/virgin/virgin-invoicing-app/sqlite-autoconf-3170000/conftest.c:59: undefined reference to `fullfsync'
collect2: error: ld returned 1 exit status
configure:9677: $? = 1
configure: failed program was:
| /* confdefs.h */
| #define PACKAGE_NAME "sqlite"
| #define PACKAGE_TARNAME "sqlite"
| #define PACKAGE_VERSION "3.17.0"
| #define PACKAGE_STRING "sqlite 3.17.0"
| #define PACKAGE_BUGREPORT "http://www.sqlite.org"
| #define PACKAGE_URL ""
| #define PACKAGE "sqlite"
| #define VERSION "3.17.0"
| #define STDC_HEADERS 1
| #define HAVE_SYS_TYPES_H 1
| #define HAVE_SYS_STAT_H 1
| #define HAVE_STDLIB_H 1
| #define HAVE_STRING_H 1
| #define HAVE_MEMORY_H 1
| #define HAVE_STRINGS_H 1
| #define HAVE_INTTYPES_H 1
| #define HAVE_STDINT_H 1
| #define HAVE_UNISTD_H 1
| #define HAVE_DLFCN_H 1
| #define LT_OBJDIR ".libs/"
| #define HAVE_FDATASYNC 1
| #define HAVE_USLEEP 1
| /* end confdefs.h.  */
| /* Define fullfsync to an innocuous variant, in case <limits.h> declares fullfsync.
|    For example, HP-UX 11i <limits.h> declares gettimeofday.  */
| #define fullfsync innocuous_fullfsync
| 
| /* System header to define __stub macros and hopefully few prototypes,
|     which can conflict with char fullfsync (); below.
|     Prefer <limits.h> to <assert.h> if __STDC__ is defined, since
|     <limits.h> exists even on freestanding compilers.  */
| 
| #ifdef __STDC__
| # include <limits.h>
| #else
| # include <assert.h>
| #endif
| 
| #undef fullfsync
| 
| /* Override any GCC internal prototype to avoid an error.
|    Use char because int might match the return type of a GCC
|    builtin and then its argument prototype would still apply.  */
| #ifdef __cplusplus
| extern "C"
| #endif
| char fullfsync ();
| /* The GNU C library defines this for functions which it implements
|     to always fail with ENOSYS.  Some functions are actually named
|     something starting with __ and the normal name is an alias.  */
| #if defined __stub_fullfsync || defined __stub___fullfsync
| choke me
| #endif
| 
| int
| main ()
| {
| return fullfsync ();
|   ;
|   return 0;
| }
configure:9677: result: no
configure:9677: checking for localtime_r
configure:9677: gcc -o conftest -g -O2 -DSQLITE_ENABLE_FTS3=1 -DSQLITE_ENABLE_FTS4=1 -DSQLITE_ENABLE_RTREE=1   conftest.c  >&5
configure:9677: $? = 0
configure:9677: result: yes
configure:9677: checking for gmtime_r
configure:9677: gcc -o conftest -g -O2 -DSQLITE_ENABLE_FTS3=1 -DSQLITE_ENABLE_FTS4=1 -DSQLITE_ENABLE_RTREE=1   conftest.c  >&5
configure:9677: $? = 0
configure:9677: result: yes
configure:9686: checking whether strerror_r is declared
configure:9686: gcc -c -g -O2 -DSQLITE_ENABLE_FTS3=1 -DSQLITE_ENABLE_FTS4=1 -DSQLITE_ENABLE_RTREE=1  conftest.c >&5
configure:9686: $? = 0
configure:9686: result: yes
configure:9699: checking for strerror_r
configure:9699: gcc -o conftest -g -O2 -DSQLITE_ENABLE_FTS3=1 -DSQLITE_ENABLE_FTS4=1 -DSQLITE_ENABLE_RTREE=1   conftest.c  >&5
configure:9699: $? = 0
configure:9699: result: yes
configure:9708: checking whether strerror_r returns char *
configure:9732: gcc -c -g -O2 -DSQLITE_ENABLE_FTS3=1 -DSQLITE_ENABLE_FTS4=1 -DSQLITE_ENABLE_RTREE=1  conftest.c >&5
conftest.c: In function 'main':
conftest.c:67:13: error: invalid type argument of unary '*' (have 'int')
    char x = *strerror_r (0, buf, sizeof buf);
             ^~~~~~~~~~~~~~~~~~~~~~~~~~~~~~~~
conftest.c:68:14: warning: initialization makes pointer from integer without a cast [-Wint-conversion]
    char *p = strerror_r (0, buf, sizeof buf);
              ^~~~~~~~~~
configure:9732: $? = 1
configure: failed program was:
| /* confdefs.h */
| #define PACKAGE_NAME "sqlite"
| #define PACKAGE_TARNAME "sqlite"
| #define PACKAGE_VERSION "3.17.0"
| #define PACKAGE_STRING "sqlite 3.17.0"
| #define PACKAGE_BUGREPORT "http://www.sqlite.org"
| #define PACKAGE_URL ""
| #define PACKAGE "sqlite"
| #define VERSION "3.17.0"
| #define STDC_HEADERS 1
| #define HAVE_SYS_TYPES_H 1
| #define HAVE_SYS_STAT_H 1
| #define HAVE_STDLIB_H 1
| #define HAVE_STRING_H 1
| #define HAVE_MEMORY_H 1
| #define HAVE_STRINGS_H 1
| #define HAVE_INTTYPES_H 1
| #define HAVE_STDINT_H 1
| #define HAVE_UNISTD_H 1
| #define HAVE_DLFCN_H 1
| #define LT_OBJDIR ".libs/"
| #define HAVE_FDATASYNC 1
| #define HAVE_USLEEP 1
| #define HAVE_LOCALTIME_R 1
| #define HAVE_GMTIME_R 1
| #define HAVE_DECL_STRERROR_R 1
| #define HAVE_STRERROR_R 1
| /* end confdefs.h.  */
| #include <stdio.h>
| #ifdef HAVE_SYS_TYPES_H
| # include <sys/types.h>
| #endif
| #ifdef HAVE_SYS_STAT_H
| # include <sys/stat.h>
| #endif
| #ifdef STDC_HEADERS
| # include <stdlib.h>
| # include <stddef.h>
| #else
| # ifdef HAVE_STDLIB_H
| #  include <stdlib.h>
| # endif
| #endif
| #ifdef HAVE_STRING_H
| # if !defined STDC_HEADERS && defined HAVE_MEMORY_H
| #  include <memory.h>
| # endif
| # include <string.h>
| #endif
| #ifdef HAVE_STRINGS_H
| # include <strings.h>
| #endif
| #ifdef HAVE_INTTYPES_H
| # include <inttypes.h>
| #endif
| #ifdef HAVE_STDINT_H
| # include <stdint.h>
| #endif
| #ifdef HAVE_UNISTD_H
| # include <unistd.h>
| #endif
| int
| main ()
| {
| 
| 	  char buf[100];
| 	  char x = *strerror_r (0, buf, sizeof buf);
| 	  char *p = strerror_r (0, buf, sizeof buf);
| 	  return !p || x;
| 
|   ;
|   return 0;
| }
configure:9770: result: no
configure:9814: checking editline/readline.h usability
configure:9814: gcc -c -g -O2 -DSQLITE_ENABLE_FTS3=1 -DSQLITE_ENABLE_FTS4=1 -DSQLITE_ENABLE_RTREE=1  conftest.c >&5
conftest.c:62:31: fatal error: editline/readline.h: No such file or directory
 #include <editline/readline.h>
                               ^
compilation terminated.
configure:9814: $? = 1
configure: failed program was:
| /* confdefs.h */
| #define PACKAGE_NAME "sqlite"
| #define PACKAGE_TARNAME "sqlite"
| #define PACKAGE_VERSION "3.17.0"
| #define PACKAGE_STRING "sqlite 3.17.0"
| #define PACKAGE_BUGREPORT "http://www.sqlite.org"
| #define PACKAGE_URL ""
| #define PACKAGE "sqlite"
| #define VERSION "3.17.0"
| #define STDC_HEADERS 1
| #define HAVE_SYS_TYPES_H 1
| #define HAVE_SYS_STAT_H 1
| #define HAVE_STDLIB_H 1
| #define HAVE_STRING_H 1
| #define HAVE_MEMORY_H 1
| #define HAVE_STRINGS_H 1
| #define HAVE_INTTYPES_H 1
| #define HAVE_STDINT_H 1
| #define HAVE_UNISTD_H 1
| #define HAVE_DLFCN_H 1
| #define LT_OBJDIR ".libs/"
| #define HAVE_FDATASYNC 1
| #define HAVE_USLEEP 1
| #define HAVE_LOCALTIME_R 1
| #define HAVE_GMTIME_R 1
| #define HAVE_DECL_STRERROR_R 1
| #define HAVE_STRERROR_R 1
| /* end confdefs.h.  */
| #include <stdio.h>
| #ifdef HAVE_SYS_TYPES_H
| # include <sys/types.h>
| #endif
| #ifdef HAVE_SYS_STAT_H
| # include <sys/stat.h>
| #endif
| #ifdef STDC_HEADERS
| # include <stdlib.h>
| # include <stddef.h>
| #else
| # ifdef HAVE_STDLIB_H
| #  include <stdlib.h>
| # endif
| #endif
| #ifdef HAVE_STRING_H
| # if !defined STDC_HEADERS && defined HAVE_MEMORY_H
| #  include <memory.h>
| # endif
| # include <string.h>
| #endif
| #ifdef HAVE_STRINGS_H
| # include <strings.h>
| #endif
| #ifdef HAVE_INTTYPES_H
| # include <inttypes.h>
| #endif
| #ifdef HAVE_STDINT_H
| # include <stdint.h>
| #endif
| #ifdef HAVE_UNISTD_H
| # include <unistd.h>
| #endif
| #include <editline/readline.h>
configure:9814: result: no
configure:9814: checking editline/readline.h presence
configure:9814: gcc -E  conftest.c
conftest.c:29:31: fatal error: editline/readline.h: No such file or directory
 #include <editline/readline.h>
                               ^
compilation terminated.
configure:9814: $? = 1
configure: failed program was:
| /* confdefs.h */
| #define PACKAGE_NAME "sqlite"
| #define PACKAGE_TARNAME "sqlite"
| #define PACKAGE_VERSION "3.17.0"
| #define PACKAGE_STRING "sqlite 3.17.0"
| #define PACKAGE_BUGREPORT "http://www.sqlite.org"
| #define PACKAGE_URL ""
| #define PACKAGE "sqlite"
| #define VERSION "3.17.0"
| #define STDC_HEADERS 1
| #define HAVE_SYS_TYPES_H 1
| #define HAVE_SYS_STAT_H 1
| #define HAVE_STDLIB_H 1
| #define HAVE_STRING_H 1
| #define HAVE_MEMORY_H 1
| #define HAVE_STRINGS_H 1
| #define HAVE_INTTYPES_H 1
| #define HAVE_STDINT_H 1
| #define HAVE_UNISTD_H 1
| #define HAVE_DLFCN_H 1
| #define LT_OBJDIR ".libs/"
| #define HAVE_FDATASYNC 1
| #define HAVE_USLEEP 1
| #define HAVE_LOCALTIME_R 1
| #define HAVE_GMTIME_R 1
| #define HAVE_DECL_STRERROR_R 1
| #define HAVE_STRERROR_R 1
| /* end confdefs.h.  */
| #include <editline/readline.h>
configure:9814: result: no
configure:9814: checking for editline/readline.h
configure:9814: result: no
configure:9898: checking readline/readline.h usability
configure:9898: gcc -c -g -O2 -DSQLITE_ENABLE_FTS3=1 -DSQLITE_ENABLE_FTS4=1 -DSQLITE_ENABLE_RTREE=1  conftest.c >&5
conftest.c:62:31: fatal error: readline/readline.h: No such file or directory
 #include <readline/readline.h>
                               ^
compilation terminated.
configure:9898: $? = 1
configure: failed program was:
| /* confdefs.h */
| #define PACKAGE_NAME "sqlite"
| #define PACKAGE_TARNAME "sqlite"
| #define PACKAGE_VERSION "3.17.0"
| #define PACKAGE_STRING "sqlite 3.17.0"
| #define PACKAGE_BUGREPORT "http://www.sqlite.org"
| #define PACKAGE_URL ""
| #define PACKAGE "sqlite"
| #define VERSION "3.17.0"
| #define STDC_HEADERS 1
| #define HAVE_SYS_TYPES_H 1
| #define HAVE_SYS_STAT_H 1
| #define HAVE_STDLIB_H 1
| #define HAVE_STRING_H 1
| #define HAVE_MEMORY_H 1
| #define HAVE_STRINGS_H 1
| #define HAVE_INTTYPES_H 1
| #define HAVE_STDINT_H 1
| #define HAVE_UNISTD_H 1
| #define HAVE_DLFCN_H 1
| #define LT_OBJDIR ".libs/"
| #define HAVE_FDATASYNC 1
| #define HAVE_USLEEP 1
| #define HAVE_LOCALTIME_R 1
| #define HAVE_GMTIME_R 1
| #define HAVE_DECL_STRERROR_R 1
| #define HAVE_STRERROR_R 1
| /* end confdefs.h.  */
| #include <stdio.h>
| #ifdef HAVE_SYS_TYPES_H
| # include <sys/types.h>
| #endif
| #ifdef HAVE_SYS_STAT_H
| # include <sys/stat.h>
| #endif
| #ifdef STDC_HEADERS
| # include <stdlib.h>
| # include <stddef.h>
| #else
| # ifdef HAVE_STDLIB_H
| #  include <stdlib.h>
| # endif
| #endif
| #ifdef HAVE_STRING_H
| # if !defined STDC_HEADERS && defined HAVE_MEMORY_H
| #  include <memory.h>
| # endif
| # include <string.h>
| #endif
| #ifdef HAVE_STRINGS_H
| # include <strings.h>
| #endif
| #ifdef HAVE_INTTYPES_H
| # include <inttypes.h>
| #endif
| #ifdef HAVE_STDINT_H
| # include <stdint.h>
| #endif
| #ifdef HAVE_UNISTD_H
| # include <unistd.h>
| #endif
| #include <readline/readline.h>
configure:9898: result: no
configure:9898: checking readline/readline.h presence
configure:9898: gcc -E  conftest.c
conftest.c:29:31: fatal error: readline/readline.h: No such file or directory
 #include <readline/readline.h>
                               ^
compilation terminated.
configure:9898: $? = 1
configure: failed program was:
| /* confdefs.h */
| #define PACKAGE_NAME "sqlite"
| #define PACKAGE_TARNAME "sqlite"
| #define PACKAGE_VERSION "3.17.0"
| #define PACKAGE_STRING "sqlite 3.17.0"
| #define PACKAGE_BUGREPORT "http://www.sqlite.org"
| #define PACKAGE_URL ""
| #define PACKAGE "sqlite"
| #define VERSION "3.17.0"
| #define STDC_HEADERS 1
| #define HAVE_SYS_TYPES_H 1
| #define HAVE_SYS_STAT_H 1
| #define HAVE_STDLIB_H 1
| #define HAVE_STRING_H 1
| #define HAVE_MEMORY_H 1
| #define HAVE_STRINGS_H 1
| #define HAVE_INTTYPES_H 1
| #define HAVE_STDINT_H 1
| #define HAVE_UNISTD_H 1
| #define HAVE_DLFCN_H 1
| #define LT_OBJDIR ".libs/"
| #define HAVE_FDATASYNC 1
| #define HAVE_USLEEP 1
| #define HAVE_LOCALTIME_R 1
| #define HAVE_GMTIME_R 1
| #define HAVE_DECL_STRERROR_R 1
| #define HAVE_STRERROR_R 1
| /* end confdefs.h.  */
| #include <readline/readline.h>
configure:9898: result: no
configure:9898: checking for readline/readline.h
configure:9898: result: no
configure:10048: checking for library containing pthread_create
configure:10079: gcc -o conftest -g -O2 -DSQLITE_ENABLE_FTS3=1 -DSQLITE_ENABLE_FTS4=1 -DSQLITE_ENABLE_RTREE=1   conftest.c  >&5
/tmp/ccUj10Jj.o: In function `main':
/home/ken/work/virgin/virgin-invoicing-app/sqlite-autoconf-3170000/conftest.c:40: undefined reference to `pthread_create'
collect2: error: ld returned 1 exit status
configure:10079: $? = 1
configure: failed program was:
| /* confdefs.h */
| #define PACKAGE_NAME "sqlite"
| #define PACKAGE_TARNAME "sqlite"
| #define PACKAGE_VERSION "3.17.0"
| #define PACKAGE_STRING "sqlite 3.17.0"
| #define PACKAGE_BUGREPORT "http://www.sqlite.org"
| #define PACKAGE_URL ""
| #define PACKAGE "sqlite"
| #define VERSION "3.17.0"
| #define STDC_HEADERS 1
| #define HAVE_SYS_TYPES_H 1
| #define HAVE_SYS_STAT_H 1
| #define HAVE_STDLIB_H 1
| #define HAVE_STRING_H 1
| #define HAVE_MEMORY_H 1
| #define HAVE_STRINGS_H 1
| #define HAVE_INTTYPES_H 1
| #define HAVE_STDINT_H 1
| #define HAVE_UNISTD_H 1
| #define HAVE_DLFCN_H 1
| #define LT_OBJDIR ".libs/"
| #define HAVE_FDATASYNC 1
| #define HAVE_USLEEP 1
| #define HAVE_LOCALTIME_R 1
| #define HAVE_GMTIME_R 1
| #define HAVE_DECL_STRERROR_R 1
| #define HAVE_STRERROR_R 1
| /* end confdefs.h.  */
| 
| /* Override any GCC internal prototype to avoid an error.
|    Use char because int might match the return type of a GCC
|    builtin and then its argument prototype would still apply.  */
| #ifdef __cplusplus
| extern "C"
| #endif
| char pthread_create ();
| int
| main ()
| {
| return pthread_create ();
|   ;
|   return 0;
| }
configure:10079: gcc -o conftest -g -O2 -DSQLITE_ENABLE_FTS3=1 -DSQLITE_ENABLE_FTS4=1 -DSQLITE_ENABLE_RTREE=1   conftest.c -lpthread   >&5
configure:10079: $? = 0
configure:10096: result: -lpthread
configure:10104: checking for library containing pthread_mutexattr_init
configure:10135: gcc -o conftest -g -O2 -DSQLITE_ENABLE_FTS3=1 -DSQLITE_ENABLE_FTS4=1 -DSQLITE_ENABLE_RTREE=1   conftest.c -lpthread  >&5
configure:10135: $? = 0
configure:10152: result: none required
configure:10175: checking for library containing dlopen
configure:10206: gcc -o conftest -g -O2 -DSQLITE_ENABLE_FTS3=1 -DSQLITE_ENABLE_FTS4=1 -DSQLITE_ENABLE_RTREE=1   conftest.c -lpthread  >&5
/tmp/ccMCvS2y.o: In function `main':
/home/ken/work/virgin/virgin-invoicing-app/sqlite-autoconf-3170000/conftest.c:40: undefined reference to `dlopen'
collect2: error: ld returned 1 exit status
configure:10206: $? = 1
configure: failed program was:
| /* confdefs.h */
| #define PACKAGE_NAME "sqlite"
| #define PACKAGE_TARNAME "sqlite"
| #define PACKAGE_VERSION "3.17.0"
| #define PACKAGE_STRING "sqlite 3.17.0"
| #define PACKAGE_BUGREPORT "http://www.sqlite.org"
| #define PACKAGE_URL ""
| #define PACKAGE "sqlite"
| #define VERSION "3.17.0"
| #define STDC_HEADERS 1
| #define HAVE_SYS_TYPES_H 1
| #define HAVE_SYS_STAT_H 1
| #define HAVE_STDLIB_H 1
| #define HAVE_STRING_H 1
| #define HAVE_MEMORY_H 1
| #define HAVE_STRINGS_H 1
| #define HAVE_INTTYPES_H 1
| #define HAVE_STDINT_H 1
| #define HAVE_UNISTD_H 1
| #define HAVE_DLFCN_H 1
| #define LT_OBJDIR ".libs/"
| #define HAVE_FDATASYNC 1
| #define HAVE_USLEEP 1
| #define HAVE_LOCALTIME_R 1
| #define HAVE_GMTIME_R 1
| #define HAVE_DECL_STRERROR_R 1
| #define HAVE_STRERROR_R 1
| /* end confdefs.h.  */
| 
| /* Override any GCC internal prototype to avoid an error.
|    Use char because int might match the return type of a GCC
|    builtin and then its argument prototype would still apply.  */
| #ifdef __cplusplus
| extern "C"
| #endif
| char dlopen ();
| int
| main ()
| {
| return dlopen ();
|   ;
|   return 0;
| }
configure:10206: gcc -o conftest -g -O2 -DSQLITE_ENABLE_FTS3=1 -DSQLITE_ENABLE_FTS4=1 -DSQLITE_ENABLE_RTREE=1   conftest.c -ldl  -lpthread  >&5
configure:10206: $? = 0
configure:10223: result: -ldl
configure:10234: checking for whether to support dynamic extensions
configure:10236: result: yes
configure:10252: checking for library containing log
configure:10283: gcc -o conftest -g -O2 -DSQLITE_ENABLE_FTS3=1 -DSQLITE_ENABLE_FTS4=1 -DSQLITE_ENABLE_RTREE=1   conftest.c -ldl -lpthread  >&5
conftest.c:36:6: warning: conflicting types for built-in function 'log'
 char log ();
      ^~~
/tmp/ccDbf5bI.o: In function `main':
/home/ken/work/virgin/virgin-invoicing-app/sqlite-autoconf-3170000/conftest.c:40: undefined reference to `log'
collect2: error: ld returned 1 exit status
configure:10283: $? = 1
configure: failed program was:
| /* confdefs.h */
| #define PACKAGE_NAME "sqlite"
| #define PACKAGE_TARNAME "sqlite"
| #define PACKAGE_VERSION "3.17.0"
| #define PACKAGE_STRING "sqlite 3.17.0"
| #define PACKAGE_BUGREPORT "http://www.sqlite.org"
| #define PACKAGE_URL ""
| #define PACKAGE "sqlite"
| #define VERSION "3.17.0"
| #define STDC_HEADERS 1
| #define HAVE_SYS_TYPES_H 1
| #define HAVE_SYS_STAT_H 1
| #define HAVE_STDLIB_H 1
| #define HAVE_STRING_H 1
| #define HAVE_MEMORY_H 1
| #define HAVE_STRINGS_H 1
| #define HAVE_INTTYPES_H 1
| #define HAVE_STDINT_H 1
| #define HAVE_UNISTD_H 1
| #define HAVE_DLFCN_H 1
| #define LT_OBJDIR ".libs/"
| #define HAVE_FDATASYNC 1
| #define HAVE_USLEEP 1
| #define HAVE_LOCALTIME_R 1
| #define HAVE_GMTIME_R 1
| #define HAVE_DECL_STRERROR_R 1
| #define HAVE_STRERROR_R 1
| /* end confdefs.h.  */
| 
| /* Override any GCC internal prototype to avoid an error.
|    Use char because int might match the return type of a GCC
|    builtin and then its argument prototype would still apply.  */
| #ifdef __cplusplus
| extern "C"
| #endif
| char log ();
| int
| main ()
| {
| return log ();
|   ;
|   return 0;
| }
configure:10283: gcc -o conftest -g -O2 -DSQLITE_ENABLE_FTS3=1 -DSQLITE_ENABLE_FTS4=1 -DSQLITE_ENABLE_RTREE=1   conftest.c -lm  -ldl -lpthread  >&5
conftest.c:36:6: warning: conflicting types for built-in function 'log'
 char log ();
      ^~~
configure:10283: $? = 0
configure:10300: result: -lm
configure:10365: checking for posix_fallocate
configure:10365: gcc -o conftest -g -O2 -DSQLITE_ENABLE_FTS3=1 -DSQLITE_ENABLE_FTS4=1 -DSQLITE_ENABLE_RTREE=1   conftest.c -lm -ldl -lpthread  >&5
configure:10365: $? = 0
configure:10365: result: yes
configure:10537: checking that generated files are newer than configure
configure:10543: result: done
configure:10570: creating ./config.status

## ---------------------- ##
## Running config.status. ##
## ---------------------- ##

This file was extended by sqlite config.status 3.17.0, which was
generated by GNU Autoconf 2.69.  Invocation command line was

  CONFIG_FILES    = 
  CONFIG_HEADERS  = 
  CONFIG_LINKS    = 
  CONFIG_COMMANDS = 
  $ ./config.status 

on localhost.localdomain

config.status:1012: creating Makefile
config.status:1012: creating sqlite3.pc
config.status:1184: executing depfiles commands
config.status:1184: executing libtool commands

## ---------------- ##
## Cache variables. ##
## ---------------- ##

ac_cv_build=x86_64-unknown-linux-gnu
ac_cv_c_compiler_gnu=yes
ac_cv_env_CC_set=
ac_cv_env_CC_value=
ac_cv_env_CFLAGS_set=set
ac_cv_env_CFLAGS_value='-g -O2 -DSQLITE_ENABLE_FTS3=1 -DSQLITE_ENABLE_FTS4=1 -DSQLITE_ENABLE_RTREE=1'
ac_cv_env_CPPFLAGS_set=
ac_cv_env_CPPFLAGS_value=
ac_cv_env_CPP_set=
ac_cv_env_CPP_value=
ac_cv_env_LDFLAGS_set=
ac_cv_env_LDFLAGS_value=
ac_cv_env_LIBS_set=
ac_cv_env_LIBS_value=
ac_cv_env_LT_SYS_LIBRARY_PATH_set=
ac_cv_env_LT_SYS_LIBRARY_PATH_value=
ac_cv_env_build_alias_set=
ac_cv_env_build_alias_value=
ac_cv_env_host_alias_set=
ac_cv_env_host_alias_value=
ac_cv_env_target_alias_set=
ac_cv_env_target_alias_value=
ac_cv_func_fdatasync=yes
ac_cv_func_fullfsync=no
ac_cv_func_gmtime_r=yes
ac_cv_func_localtime_r=yes
ac_cv_func_posix_fallocate=yes
ac_cv_func_strerror_r=yes
ac_cv_func_strerror_r_char_p=no
ac_cv_func_usleep=yes
ac_cv_have_decl_strerror_r=yes
ac_cv_header_dlfcn_h=yes
ac_cv_header_editline_readline_h=no
ac_cv_header_inttypes_h=yes
ac_cv_header_memory_h=yes
ac_cv_header_readline_readline_h=no
ac_cv_header_stdc=yes
ac_cv_header_stdint_h=yes
ac_cv_header_stdlib_h=yes
ac_cv_header_string_h=yes
ac_cv_header_strings_h=yes
ac_cv_header_sys_stat_h=yes
ac_cv_header_sys_types_h=yes
ac_cv_header_unistd_h=yes
ac_cv_host=x86_64-unknown-linux-gnu
ac_cv_objext=o
ac_cv_path_EGREP='/bin/grep -E'
ac_cv_path_FGREP='/bin/grep -F'
ac_cv_path_GREP=/bin/grep
ac_cv_path_SED=/bin/sed
ac_cv_path_install='/usr/bin/install -c'
ac_cv_path_lt_DD=/bin/dd
ac_cv_path_mkdir=/bin/mkdir
ac_cv_prog_AWK=gawk
ac_cv_prog_CPP='gcc -E'
ac_cv_prog_ac_ct_AR=ar
ac_cv_prog_ac_ct_CC=gcc
ac_cv_prog_ac_ct_MANIFEST_TOOL=mt
ac_cv_prog_ac_ct_OBJDUMP=objdump
ac_cv_prog_ac_ct_RANLIB=ranlib
ac_cv_prog_ac_ct_STRIP=strip
ac_cv_prog_cc_c89=
ac_cv_prog_cc_g=yes
ac_cv_prog_make_make_set=yes
ac_cv_search_dlopen=-ldl
ac_cv_search_log=-lm
ac_cv_search_pthread_create=-lpthread
ac_cv_search_pthread_mutexattr_init='none required'
ac_cv_sys_file_offset_bits=no
ac_cv_sys_largefile_CC=no
am_cv_CC_dependencies_compiler_type=gcc3
am_cv_make_support_nested_variables=yes
am_cv_prog_cc_c_o=yes
lt_cv_ar_at_file=@
lt_cv_archive_cmds_need_lc=no
lt_cv_deplibs_check_method=pass_all
lt_cv_file_magic_cmd='$MAGIC_CMD'
lt_cv_file_magic_test_file=
lt_cv_ld_reload_flag=-r
lt_cv_nm_interface='BSD nm'
lt_cv_objdir=.libs
lt_cv_path_LD=/usr/bin/ld
lt_cv_path_NM='/usr/bin/nm -B'
lt_cv_path_mainfest_tool=no
lt_cv_prog_compiler_c_o=yes
lt_cv_prog_compiler_pic='-fPIC -DPIC'
lt_cv_prog_compiler_pic_works=yes
lt_cv_prog_compiler_rtti_exceptions=no
lt_cv_prog_compiler_static_works=yes
lt_cv_prog_gnu_ld=yes
lt_cv_sharedlib_from_linklib_cmd='printf %s\n'
lt_cv_shlibpath_overrides_runpath=yes
lt_cv_sys_global_symbol_pipe='sed -n -e '\''s/^.*[	 ]\([ABCDGIRSTW][ABCDGIRSTW]*\)[	 ][	 ]*\([_A-Za-z][_A-Za-z0-9]*\)$/\1 \2 \2/p'\'' | sed '\''/ __gnu_lto/d'\'''
lt_cv_sys_global_symbol_to_c_name_address='sed -n -e '\''s/^: \(.*\) .*$/  {"\1", (void *) 0},/p'\'' -e '\''s/^[ABCDGIRSTW][ABCDGIRSTW]* .* \(.*\)$/  {"\1", (void *) \&\1},/p'\'''
lt_cv_sys_global_symbol_to_c_name_address_lib_prefix='sed -n -e '\''s/^: \(.*\) .*$/  {"\1", (void *) 0},/p'\'' -e '\''s/^[ABCDGIRSTW][ABCDGIRSTW]* .* \(lib.*\)$/  {"\1", (void *) \&\1},/p'\'' -e '\''s/^[ABCDGIRSTW][ABCDGIRSTW]* .* \(.*\)$/  {"lib\1", (void *) \&\1},/p'\'''
lt_cv_sys_global_symbol_to_cdecl='sed -n -e '\''s/^T .* \(.*\)$/extern int \1();/p'\'' -e '\''s/^[ABCDGIRSTW][ABCDGIRSTW]* .* \(.*\)$/extern char \1;/p'\'''
lt_cv_sys_global_symbol_to_import=
lt_cv_sys_max_cmd_len=1572864
lt_cv_to_host_file_cmd=func_convert_file_noop
lt_cv_to_tool_file_cmd=func_convert_file_noop
lt_cv_truncate_bin='/bin/dd bs=4096 count=1'

## ----------------- ##
## Output variables. ##
## ----------------- ##

ACLOCAL='${SHELL} /home/ken/work/virgin/virgin-invoicing-app/sqlite-autoconf-3170000/missing aclocal-1.15'
AMDEPBACKSLASH='\'
AMDEP_FALSE='#'
AMDEP_TRUE=''
AMTAR='$${TAR-tar}'
AM_BACKSLASH='\'
AM_DEFAULT_V='$(AM_DEFAULT_VERBOSITY)'
AM_DEFAULT_VERBOSITY='1'
AM_V='$(V)'
AR='ar'
AUTOCONF='${SHELL} /home/ken/work/virgin/virgin-invoicing-app/sqlite-autoconf-3170000/missing autoconf'
AUTOHEADER='${SHELL} /home/ken/work/virgin/virgin-invoicing-app/sqlite-autoconf-3170000/missing autoheader'
AUTOMAKE='${SHELL} /home/ken/work/virgin/virgin-invoicing-app/sqlite-autoconf-3170000/missing automake-1.15'
AWK='gawk'
BUILD_CFLAGS=''
CC='gcc'
CCDEPMODE='depmode=gcc3'
CFLAGS='-g -O2 -DSQLITE_ENABLE_FTS3=1 -DSQLITE_ENABLE_FTS4=1 -DSQLITE_ENABLE_RTREE=1'
CPP='gcc -E'
CPPFLAGS=''
CYGPATH_W='echo'
DEFS='-DPACKAGE_NAME=\"sqlite\" -DPACKAGE_TARNAME=\"sqlite\" -DPACKAGE_VERSION=\"3.17.0\" -DPACKAGE_STRING=\"sqlite\ 3.17.0\" -DPACKAGE_BUGREPORT=\"http://www.sqlite.org\" -DPACKAGE_URL=\"\" -DPACKAGE=\"sqlite\" -DVERSION=\"3.17.0\" -DSTDC_HEADERS=1 -DHAVE_SYS_TYPES_H=1 -DHAVE_SYS_STAT_H=1 -DHAVE_STDLIB_H=1 -DHAVE_STRING_H=1 -DHAVE_MEMORY_H=1 -DHAVE_STRINGS_H=1 -DHAVE_INTTYPES_H=1 -DHAVE_STDINT_H=1 -DHAVE_UNISTD_H=1 -DHAVE_DLFCN_H=1 -DLT_OBJDIR=\".libs/\" -DHAVE_FDATASYNC=1 -DHAVE_USLEEP=1 -DHAVE_LOCALTIME_R=1 -DHAVE_GMTIME_R=1 -DHAVE_DECL_STRERROR_R=1 -DHAVE_STRERROR_R=1 -DHAVE_POSIX_FALLOCATE=1'
DEPDIR='.deps'
DLLTOOL='false'
DSYMUTIL=''
DUMPBIN=''
DYNAMIC_EXTENSION_FLAGS=''
ECHO_C=''
ECHO_N='-n'
ECHO_T=''
EGREP='/bin/grep -E'
EXEEXT=''
EXTRA_SHELL_OBJ='sqlite3-sqlite3.o'
FGREP='/bin/grep -F'
FTS5_FLAGS='-DSQLITE_ENABLE_FTS5'
GREP='/bin/grep'
INSTALL_DATA='${INSTALL} -m 644'
INSTALL_PROGRAM='${INSTALL}'
INSTALL_SCRIPT='${INSTALL}'
INSTALL_STRIP_PROGRAM='$(install_sh) -c -s'
JSON1_FLAGS='-DSQLITE_ENABLE_JSON1'
LD='/usr/bin/ld -m elf_x86_64'
LDFLAGS=''
LIBOBJS=''
LIBS='-lm -ldl -lpthread '
LIBTOOL='$(SHELL) $(top_builddir)/libtool'
LIPO=''
LN_S='ln -s'
LTLIBOBJS=''
LT_SYS_LIBRARY_PATH=''
MAKEINFO='${SHELL} /home/ken/work/virgin/virgin-invoicing-app/sqlite-autoconf-3170000/missing makeinfo'
MANIFEST_TOOL=':'
MKDIR_P='/bin/mkdir -p'
NM='/usr/bin/nm -B'
NMEDIT=''
OBJDUMP='objdump'
OBJEXT='o'
OTOOL64=''
OTOOL=''
PACKAGE='sqlite'
PACKAGE_BUGREPORT='http://www.sqlite.org'
PACKAGE_NAME='sqlite'
PACKAGE_STRING='sqlite 3.17.0'
PACKAGE_TARNAME='sqlite'
PACKAGE_URL=''
PACKAGE_VERSION='3.17.0'
PATH_SEPARATOR=':'
RANLIB='ranlib'
READLINE_LIBS=''
SED='/bin/sed'
SESSION_FLAGS=''
SET_MAKE=''
SHELL='/bin/bash'
STRIP='strip'
THREADSAFE_FLAGS='-D_REENTRANT=1 -DSQLITE_THREADSAFE=1'
VERSION='3.17.0'
ac_ct_AR='ar'
ac_ct_CC='gcc'
ac_ct_DUMPBIN=''
am__EXEEXT_FALSE=''
am__EXEEXT_TRUE='#'
am__fastdepCC_FALSE='#'
am__fastdepCC_TRUE=''
am__include='include'
am__isrc=''
am__leading_dot='.'
am__nodep='_no'
am__quote=''
am__tar='$${TAR-tar} chof - "$$tardir"'
am__untar='$${TAR-tar} xf -'
bindir='${exec_prefix}/bin'
build='x86_64-unknown-linux-gnu'
build_alias=''
build_cpu='x86_64'
build_os='linux-gnu'
build_vendor='unknown'
datadir='${datarootdir}'
datarootdir='${prefix}/share'
docdir='${datarootdir}/doc/${PACKAGE_TARNAME}'
dvidir='${docdir}'
exec_prefix='${prefix}'
host='x86_64-unknown-linux-gnu'
host_alias=''
host_cpu='x86_64'
host_os='linux-gnu'
host_vendor='unknown'
htmldir='${docdir}'
includedir='${prefix}/include'
infodir='${datarootdir}/info'
install_sh='${SHELL} /home/ken/work/virgin/virgin-invoicing-app/sqlite-autoconf-3170000/install-sh'
libdir='${exec_prefix}/lib'
libexecdir='${exec_prefix}/libexec'
localedir='${datarootdir}/locale'
localstatedir='${prefix}/var'
mandir='${datarootdir}/man'
mkdir_p='$(MKDIR_P)'
oldincludedir='/usr/include'
pdfdir='${docdir}'
prefix='/usr/local/sqlite3'
program_transform_name='s,x,x,'
psdir='${docdir}'
sbindir='${exec_prefix}/sbin'
sharedstatedir='${prefix}/com'
sysconfdir='${prefix}/etc'
target_alias=''

## ----------- ##
## confdefs.h. ##
## ----------- ##

/* confdefs.h */
#define PACKAGE_NAME "sqlite"
#define PACKAGE_TARNAME "sqlite"
#define PACKAGE_VERSION "3.17.0"
#define PACKAGE_STRING "sqlite 3.17.0"
#define PACKAGE_BUGREPORT "http://www.sqlite.org"
#define PACKAGE_URL ""
#define PACKAGE "sqlite"
#define VERSION "3.17.0"
#define STDC_HEADERS 1
#define HAVE_SYS_TYPES_H 1
#define HAVE_SYS_STAT_H 1
#define HAVE_STDLIB_H 1
#define HAVE_STRING_H 1
#define HAVE_MEMORY_H 1
#define HAVE_STRINGS_H 1
#define HAVE_INTTYPES_H 1
#define HAVE_STDINT_H 1
#define HAVE_UNISTD_H 1
#define HAVE_DLFCN_H 1
#define LT_OBJDIR ".libs/"
#define HAVE_FDATASYNC 1
#define HAVE_USLEEP 1
#define HAVE_LOCALTIME_R 1
#define HAVE_GMTIME_R 1
#define HAVE_DECL_STRERROR_R 1
#define HAVE_STRERROR_R 1
#define HAVE_POSIX_FALLOCATE 1

configure: exit 0
